Terminals unused in grammar

   psobrescribir
   pretornar
   pvoid
   pmostrarnotificacion
   pimprimir
   psi
   psino
   ppara
   prepetir
   promper
   pmientras
   pcomprobar
   phacer
   pcontinuar
   pincluir
   parchivo
   pcreararchivoder
   pcrearconjunto
   pcrearregex
   pcrearentrada
   pguardararchivo
   pcrearcuenta
   pverificarcuenta
   pdepositarcuenta
   prestarcuenta
   pimprimirtransaccionescuenta
   pconsultarcuenta
   ptransferir
   menos


State 90 conflicts: 5 shift/reduce
State 134 conflicts: 1 shift/reduce
State 135 conflicts: 5 shift/reduce
State 136 conflicts: 1 shift/reduce
State 137 conflicts: 1 shift/reduce
State 138 conflicts: 1 shift/reduce


Grammar

    0 $accept: INICIO $end

    1 INICIO: LCLASES

    2 LCLASES: LCLASES CLASE
    3        | CLASE

    4 CLASE: pclase id TERMINACIONCLASE

    5 TERMINACIONCLASE: pextender LIDS abrir_llave RELLENOCLASE cerrar_llave
    6                 | abrir_llave RELLENOCLASE cerrar_llave

    7 RELLENOCLASE: /* empty */
    8             | LSENTENCIAS

    9 LIDS: LIDS coma id
   10     | id

   11 LSENTENCIAS: LSENTENCIAS SENTENCIA
   12            | SENTENCIA

   13 SENTENCIA: DECLARACION
   14          | ASIGNACION
   15          | LLAMADAFUNC
   16          | PRINCIPAL

   17 DECLARACION: VISIBILIDAD TIPO LIDS TERMDECLAR
   18            | TIPO LIDS TERMDECLAR
   19            | VISIBILIDAD parreglo TIPO LIDS DIMENSION TERMARRAY
   20            | parreglo TIPO LIDS DIMENSION TERMARRAY

   21 ASIGNACION: id igual EXPL finalizacion
   22           | id DIMENSION igual EXPL finalizacion
   23           | id punto id igual EXPL finalizacion

   24 PRINCIPAL: pprincipal abrir_parentesis cerrar_parentesis abrir_llave RELLENOCLASE cerrar_llave

   25 TIPO: pint
   26     | pdouble
   27     | pbool
   28     | pchar
   29     | pstring
   30     | id

   31 TERMDECLAR: finalizacion
   32           | igual EXPL finalizacion
   33           | igual pnew id abrir_parentesis cerrar_parentesis finalizacion

   34 DIMENSION: abrir_corchete EXPL cerrar_corchete
   35          | abrir_corchete EXPL cerrar_corchete abrir_corchete EXPL cerrar_corchete
   36          | abrir_corchete EXPL cerrar_corchete abrir_corchete EXPL cerrar_corchete abrir_corchete EXPL cerrar_corchete

   37 TERMARRAY: finalizacion
   38          | igual LDECLARRAY finalizacion

   39 LDECLARRAY: abrir_llave LEXP cerrar_llave
   40           | abrir_llave LLLAVE cerrar_llave

   41 LLLAVE: LLLAVE coma abrir_llave LEXP cerrar_llave
   42       | abrir_llave LEXP cerrar_llave

   43 LEXP: LEXP coma EXPL
   44     | EXPL

   45 EXPL: EXPR opor EXPR
   46     | EXPR opnor EXPR
   47     | EXPR opand EXPR
   48     | EXPR opnand EXPR
   49     | opnot EXPL
   50     | EXPR

   51 EXPR: EXPA igual_igual EXPA
   52     | EXPA diferente_de EXPA
   53     | EXPA menor_que EXPA
   54     | EXPA mayor_que EXPA
   55     | EXPA menorigual_que EXPA
   56     | EXPA mayorigual_que EXPA
   57     | EXPA

   58 EXPA: EXPA suma EXPA
   59     | EXPA resta EXPA
   60     | EXPA multi EXPA
   61     | EXPA division EXPA
   62     | EXPA potencia EXPA
   63     | resta EXPA
   64     | abrir_parentesis EXPA cerrar_parentesis
   65     | numero
   66     | decimal
   67     | caracter
   68     | booleano
   69     | cadena
   70     | id
   71     | id DIMENSION
   72     | id aumento
   73     | id decremento
   74     | numero aumento
   75     | numero decremento
   76     | decimal aumento
   77     | decimal decremento
   78     | caracter aumento
   79     | caracter decremento
   80     | id punto id

   81 LLAMADAFUNC: id punto id abrir_parentesis VARF cerrar_parentesis
   82            | id abrir_parentesis VARF cerrar_parentesis

   83 VARF: /* empty */
   84     | LEXP

   85 VISIBILIDAD: ppublico
   86            | pprivado
   87            | pprotegido


Terminals, with rules where they appear

$end (0) 0
error (256)
numero (258) 65 74 75
decimal (259) 66 76 77
caracter (260) 67 78 79
booleano (261) 68
cadena (262) 69
pint (263) 25
pdouble (264) 26
pbool (265) 27
pchar (266) 28
pstring (267) 29
parreglo (268) 19 20
pclase (269) 4
pextender (270) 5
psobrescribir (271)
ppublico (272) 85
pprivado (273) 86
pprotegido (274) 87
pretornar (275)
pvoid (276)
pmostrarnotificacion (277)
pimprimir (278)
psi (279)
psino (280)
ppara (281)
pprincipal (282) 24
prepetir (283)
promper (284)
pmientras (285)
pcomprobar (286)
phacer (287)
pcontinuar (288)
pincluir (289)
parchivo (290)
pcreararchivoder (291)
pcrearconjunto (292)
pcrearregex (293)
pcrearentrada (294)
pguardararchivo (295)
pcrearcuenta (296)
pverificarcuenta (297)
pdepositarcuenta (298)
prestarcuenta (299)
pimprimirtransaccionescuenta (300)
pconsultarcuenta (301)
ptransferir (302)
pnew (303) 33
id (304) 4 9 10 21 22 23 30 33 70 71 72 73 80 81 82
abrir_corchete (305) 34 35 36
cerrar_corchete (306) 34 35 36
coma (307) 9 41 43
punto (308) 23 80 81
finalizacion (309) 21 22 23 31 32 33 37 38
igual (310) 21 22 23 32 33 38
aumento (311) 72 74 76 78
decremento (312) 73 75 77 79
abrir_parentesis (313) 24 33 64 81 82
cerrar_parentesis (314) 24 33 64 81 82
abrir_llave (315) 5 6 24 39 40 41 42
cerrar_llave (316) 5 6 24 39 40 41 42
igual_igual (317) 51
diferente_de (318) 52
menor_que (319) 53
menorigual_que (320) 55
mayor_que (321) 54
mayorigual_que (322) 56
opor (323) 45
opand (324) 47
opnand (325) 48
opnot (326) 49
opnor (327) 46
suma (328) 58
resta (329) 59 63
multi (330) 60
division (331) 61
potencia (332) 62
menos (333)


Nonterminals, with rules where they appear

$accept (79)
    on left: 0
INICIO (80)
    on left: 1, on right: 0
LCLASES (81)
    on left: 2 3, on right: 1 2
CLASE (82)
    on left: 4, on right: 2 3
TERMINACIONCLASE (83)
    on left: 5 6, on right: 4
RELLENOCLASE (84)
    on left: 7 8, on right: 5 6 24
LIDS (85)
    on left: 9 10, on right: 5 9 17 18 19 20
LSENTENCIAS (86)
    on left: 11 12, on right: 8 11
SENTENCIA (87)
    on left: 13 14 15 16, on right: 11 12
DECLARACION (88)
    on left: 17 18 19 20, on right: 13
ASIGNACION (89)
    on left: 21 22 23, on right: 14
PRINCIPAL (90)
    on left: 24, on right: 16
TIPO (91)
    on left: 25 26 27 28 29 30, on right: 17 18 19 20
TERMDECLAR (92)
    on left: 31 32 33, on right: 17 18
DIMENSION (93)
    on left: 34 35 36, on right: 19 20 22 71
TERMARRAY (94)
    on left: 37 38, on right: 19 20
LDECLARRAY (95)
    on left: 39 40, on right: 38
LLLAVE (96)
    on left: 41 42, on right: 40 41
LEXP (97)
    on left: 43 44, on right: 39 41 42 43 84
EXPL (98)
    on left: 45 46 47 48 49 50, on right: 21 22 23 32 34 35 36 43 44
    49
EXPR (99)
    on left: 51 52 53 54 55 56 57, on right: 45 46 47 48 50
EXPA (100)
    on left: 58 59 60 61 62 63 64 65 66 67 68 69 70 71 72 73 74 75
    76 77 78 79 80, on right: 51 52 53 54 55 56 57 58 59 60 61 62 63
    64
LLAMADAFUNC (101)
    on left: 81 82, on right: 15
VARF (102)
    on left: 83 84, on right: 81 82
VISIBILIDAD (103)
    on left: 85 86 87, on right: 17 19


State 0

    0 $accept: . INICIO $end

    pclase  shift, and go to state 1

    INICIO   go to state 2
    LCLASES  go to state 3
    CLASE    go to state 4


State 1

    4 CLASE: pclase . id TERMINACIONCLASE

    id  shift, and go to state 5


State 2

    0 $accept: INICIO . $end

    $end  shift, and go to state 6


State 3

    1 INICIO: LCLASES .
    2 LCLASES: LCLASES . CLASE

    pclase  shift, and go to state 1

    $default  reduce using rule 1 (INICIO)

    CLASE  go to state 7


State 4

    3 LCLASES: CLASE .

    $default  reduce using rule 3 (LCLASES)


State 5

    4 CLASE: pclase id . TERMINACIONCLASE

    pextender    shift, and go to state 8
    abrir_llave  shift, and go to state 9

    TERMINACIONCLASE  go to state 10


State 6

    0 $accept: INICIO $end .

    $default  accept


State 7

    2 LCLASES: LCLASES CLASE .

    $default  reduce using rule 2 (LCLASES)


State 8

    5 TERMINACIONCLASE: pextender . LIDS abrir_llave RELLENOCLASE cerrar_llave

    id  shift, and go to state 11

    LIDS  go to state 12


State 9

    6 TERMINACIONCLASE: abrir_llave . RELLENOCLASE cerrar_llave

    pint        shift, and go to state 13
    pdouble     shift, and go to state 14
    pbool       shift, and go to state 15
    pchar       shift, and go to state 16
    pstring     shift, and go to state 17
    parreglo    shift, and go to state 18
    ppublico    shift, and go to state 19
    pprivado    shift, and go to state 20
    pprotegido  shift, and go to state 21
    pprincipal  shift, and go to state 22
    id          shift, and go to state 23

    $default  reduce using rule 7 (RELLENOCLASE)

    RELLENOCLASE  go to state 24
    LSENTENCIAS   go to state 25
    SENTENCIA     go to state 26
    DECLARACION   go to state 27
    ASIGNACION    go to state 28
    PRINCIPAL     go to state 29
    TIPO          go to state 30
    LLAMADAFUNC   go to state 31
    VISIBILIDAD   go to state 32


State 10

    4 CLASE: pclase id TERMINACIONCLASE .

    $default  reduce using rule 4 (CLASE)


State 11

   10 LIDS: id .

    $default  reduce using rule 10 (LIDS)


State 12

    5 TERMINACIONCLASE: pextender LIDS . abrir_llave RELLENOCLASE cerrar_llave
    9 LIDS: LIDS . coma id

    coma         shift, and go to state 33
    abrir_llave  shift, and go to state 34


State 13

   25 TIPO: pint .

    $default  reduce using rule 25 (TIPO)


State 14

   26 TIPO: pdouble .

    $default  reduce using rule 26 (TIPO)


State 15

   27 TIPO: pbool .

    $default  reduce using rule 27 (TIPO)


State 16

   28 TIPO: pchar .

    $default  reduce using rule 28 (TIPO)


State 17

   29 TIPO: pstring .

    $default  reduce using rule 29 (TIPO)


State 18

   20 DECLARACION: parreglo . TIPO LIDS DIMENSION TERMARRAY

    pint     shift, and go to state 13
    pdouble  shift, and go to state 14
    pbool    shift, and go to state 15
    pchar    shift, and go to state 16
    pstring  shift, and go to state 17
    id       shift, and go to state 35

    TIPO  go to state 36


State 19

   85 VISIBILIDAD: ppublico .

    $default  reduce using rule 85 (VISIBILIDAD)


State 20

   86 VISIBILIDAD: pprivado .

    $default  reduce using rule 86 (VISIBILIDAD)


State 21

   87 VISIBILIDAD: pprotegido .

    $default  reduce using rule 87 (VISIBILIDAD)


State 22

   24 PRINCIPAL: pprincipal . abrir_parentesis cerrar_parentesis abrir_llave RELLENOCLASE cerrar_llave

    abrir_parentesis  shift, and go to state 37


State 23

   21 ASIGNACION: id . igual EXPL finalizacion
   22           | id . DIMENSION igual EXPL finalizacion
   23           | id . punto id igual EXPL finalizacion
   30 TIPO: id .
   81 LLAMADAFUNC: id . punto id abrir_parentesis VARF cerrar_parentesis
   82            | id . abrir_parentesis VARF cerrar_parentesis

    abrir_corchete    shift, and go to state 38
    punto             shift, and go to state 39
    igual             shift, and go to state 40
    abrir_parentesis  shift, and go to state 41

    $default  reduce using rule 30 (TIPO)

    DIMENSION  go to state 42


State 24

    6 TERMINACIONCLASE: abrir_llave RELLENOCLASE . cerrar_llave

    cerrar_llave  shift, and go to state 43


State 25

    8 RELLENOCLASE: LSENTENCIAS .
   11 LSENTENCIAS: LSENTENCIAS . SENTENCIA

    pint        shift, and go to state 13
    pdouble     shift, and go to state 14
    pbool       shift, and go to state 15
    pchar       shift, and go to state 16
    pstring     shift, and go to state 17
    parreglo    shift, and go to state 18
    ppublico    shift, and go to state 19
    pprivado    shift, and go to state 20
    pprotegido  shift, and go to state 21
    pprincipal  shift, and go to state 22
    id          shift, and go to state 23

    $default  reduce using rule 8 (RELLENOCLASE)

    SENTENCIA    go to state 44
    DECLARACION  go to state 27
    ASIGNACION   go to state 28
    PRINCIPAL    go to state 29
    TIPO         go to state 30
    LLAMADAFUNC  go to state 31
    VISIBILIDAD  go to state 32


State 26

   12 LSENTENCIAS: SENTENCIA .

    $default  reduce using rule 12 (LSENTENCIAS)


State 27

   13 SENTENCIA: DECLARACION .

    $default  reduce using rule 13 (SENTENCIA)


State 28

   14 SENTENCIA: ASIGNACION .

    $default  reduce using rule 14 (SENTENCIA)


State 29

   16 SENTENCIA: PRINCIPAL .

    $default  reduce using rule 16 (SENTENCIA)


State 30

   18 DECLARACION: TIPO . LIDS TERMDECLAR

    id  shift, and go to state 11

    LIDS  go to state 45


State 31

   15 SENTENCIA: LLAMADAFUNC .

    $default  reduce using rule 15 (SENTENCIA)


State 32

   17 DECLARACION: VISIBILIDAD . TIPO LIDS TERMDECLAR
   19            | VISIBILIDAD . parreglo TIPO LIDS DIMENSION TERMARRAY

    pint      shift, and go to state 13
    pdouble   shift, and go to state 14
    pbool     shift, and go to state 15
    pchar     shift, and go to state 16
    pstring   shift, and go to state 17
    parreglo  shift, and go to state 46
    id        shift, and go to state 35

    TIPO  go to state 47


State 33

    9 LIDS: LIDS coma . id

    id  shift, and go to state 48


State 34

    5 TERMINACIONCLASE: pextender LIDS abrir_llave . RELLENOCLASE cerrar_llave

    pint        shift, and go to state 13
    pdouble     shift, and go to state 14
    pbool       shift, and go to state 15
    pchar       shift, and go to state 16
    pstring     shift, and go to state 17
    parreglo    shift, and go to state 18
    ppublico    shift, and go to state 19
    pprivado    shift, and go to state 20
    pprotegido  shift, and go to state 21
    pprincipal  shift, and go to state 22
    id          shift, and go to state 23

    $default  reduce using rule 7 (RELLENOCLASE)

    RELLENOCLASE  go to state 49
    LSENTENCIAS   go to state 25
    SENTENCIA     go to state 26
    DECLARACION   go to state 27
    ASIGNACION    go to state 28
    PRINCIPAL     go to state 29
    TIPO          go to state 30
    LLAMADAFUNC   go to state 31
    VISIBILIDAD   go to state 32


State 35

   30 TIPO: id .

    $default  reduce using rule 30 (TIPO)


State 36

   20 DECLARACION: parreglo TIPO . LIDS DIMENSION TERMARRAY

    id  shift, and go to state 11

    LIDS  go to state 50


State 37

   24 PRINCIPAL: pprincipal abrir_parentesis . cerrar_parentesis abrir_llave RELLENOCLASE cerrar_llave

    cerrar_parentesis  shift, and go to state 51


State 38

   34 DIMENSION: abrir_corchete . EXPL cerrar_corchete
   35          | abrir_corchete . EXPL cerrar_corchete abrir_corchete EXPL cerrar_corchete
   36          | abrir_corchete . EXPL cerrar_corchete abrir_corchete EXPL cerrar_corchete abrir_corchete EXPL cerrar_corchete

    numero            shift, and go to state 52
    decimal           shift, and go to state 53
    caracter          shift, and go to state 54
    booleano          shift, and go to state 55
    cadena            shift, and go to state 56
    id                shift, and go to state 57
    abrir_parentesis  shift, and go to state 58
    opnot             shift, and go to state 59
    resta             shift, and go to state 60

    EXPL  go to state 61
    EXPR  go to state 62
    EXPA  go to state 63


State 39

   23 ASIGNACION: id punto . id igual EXPL finalizacion
   81 LLAMADAFUNC: id punto . id abrir_parentesis VARF cerrar_parentesis

    id  shift, and go to state 64


State 40

   21 ASIGNACION: id igual . EXPL finalizacion

    numero            shift, and go to state 52
    decimal           shift, and go to state 53
    caracter          shift, and go to state 54
    booleano          shift, and go to state 55
    cadena            shift, and go to state 56
    id                shift, and go to state 57
    abrir_parentesis  shift, and go to state 58
    opnot             shift, and go to state 59
    resta             shift, and go to state 60

    EXPL  go to state 65
    EXPR  go to state 62
    EXPA  go to state 63


State 41

   82 LLAMADAFUNC: id abrir_parentesis . VARF cerrar_parentesis

    numero            shift, and go to state 52
    decimal           shift, and go to state 53
    caracter          shift, and go to state 54
    booleano          shift, and go to state 55
    cadena            shift, and go to state 56
    id                shift, and go to state 57
    abrir_parentesis  shift, and go to state 58
    opnot             shift, and go to state 59
    resta             shift, and go to state 60

    $default  reduce using rule 83 (VARF)

    LEXP  go to state 66
    EXPL  go to state 67
    EXPR  go to state 62
    EXPA  go to state 63
    VARF  go to state 68


State 42

   22 ASIGNACION: id DIMENSION . igual EXPL finalizacion

    igual  shift, and go to state 69


State 43

    6 TERMINACIONCLASE: abrir_llave RELLENOCLASE cerrar_llave .

    $default  reduce using rule 6 (TERMINACIONCLASE)


State 44

   11 LSENTENCIAS: LSENTENCIAS SENTENCIA .

    $default  reduce using rule 11 (LSENTENCIAS)


State 45

    9 LIDS: LIDS . coma id
   18 DECLARACION: TIPO LIDS . TERMDECLAR

    coma          shift, and go to state 33
    finalizacion  shift, and go to state 70
    igual         shift, and go to state 71

    TERMDECLAR  go to state 72


State 46

   19 DECLARACION: VISIBILIDAD parreglo . TIPO LIDS DIMENSION TERMARRAY

    pint     shift, and go to state 13
    pdouble  shift, and go to state 14
    pbool    shift, and go to state 15
    pchar    shift, and go to state 16
    pstring  shift, and go to state 17
    id       shift, and go to state 35

    TIPO  go to state 73


State 47

   17 DECLARACION: VISIBILIDAD TIPO . LIDS TERMDECLAR

    id  shift, and go to state 11

    LIDS  go to state 74


State 48

    9 LIDS: LIDS coma id .

    $default  reduce using rule 9 (LIDS)


State 49

    5 TERMINACIONCLASE: pextender LIDS abrir_llave RELLENOCLASE . cerrar_llave

    cerrar_llave  shift, and go to state 75


State 50

    9 LIDS: LIDS . coma id
   20 DECLARACION: parreglo TIPO LIDS . DIMENSION TERMARRAY

    abrir_corchete  shift, and go to state 38
    coma            shift, and go to state 33

    DIMENSION  go to state 76


State 51

   24 PRINCIPAL: pprincipal abrir_parentesis cerrar_parentesis . abrir_llave RELLENOCLASE cerrar_llave

    abrir_llave  shift, and go to state 77


State 52

   65 EXPA: numero .
   74     | numero . aumento
   75     | numero . decremento

    aumento     shift, and go to state 78
    decremento  shift, and go to state 79

    $default  reduce using rule 65 (EXPA)


State 53

   66 EXPA: decimal .
   76     | decimal . aumento
   77     | decimal . decremento

    aumento     shift, and go to state 80
    decremento  shift, and go to state 81

    $default  reduce using rule 66 (EXPA)


State 54

   67 EXPA: caracter .
   78     | caracter . aumento
   79     | caracter . decremento

    aumento     shift, and go to state 82
    decremento  shift, and go to state 83

    $default  reduce using rule 67 (EXPA)


State 55

   68 EXPA: booleano .

    $default  reduce using rule 68 (EXPA)


State 56

   69 EXPA: cadena .

    $default  reduce using rule 69 (EXPA)


State 57

   70 EXPA: id .
   71     | id . DIMENSION
   72     | id . aumento
   73     | id . decremento
   80     | id . punto id

    abrir_corchete  shift, and go to state 38
    punto           shift, and go to state 84
    aumento         shift, and go to state 85
    decremento      shift, and go to state 86

    $default  reduce using rule 70 (EXPA)

    DIMENSION  go to state 87


State 58

   64 EXPA: abrir_parentesis . EXPA cerrar_parentesis

    numero            shift, and go to state 52
    decimal           shift, and go to state 53
    caracter          shift, and go to state 54
    booleano          shift, and go to state 55
    cadena            shift, and go to state 56
    id                shift, and go to state 57
    abrir_parentesis  shift, and go to state 58
    resta             shift, and go to state 60

    EXPA  go to state 88


State 59

   49 EXPL: opnot . EXPL

    numero            shift, and go to state 52
    decimal           shift, and go to state 53
    caracter          shift, and go to state 54
    booleano          shift, and go to state 55
    cadena            shift, and go to state 56
    id                shift, and go to state 57
    abrir_parentesis  shift, and go to state 58
    opnot             shift, and go to state 59
    resta             shift, and go to state 60

    EXPL  go to state 89
    EXPR  go to state 62
    EXPA  go to state 63


State 60

   63 EXPA: resta . EXPA

    numero            shift, and go to state 52
    decimal           shift, and go to state 53
    caracter          shift, and go to state 54
    booleano          shift, and go to state 55
    cadena            shift, and go to state 56
    id                shift, and go to state 57
    abrir_parentesis  shift, and go to state 58
    resta             shift, and go to state 60

    EXPA  go to state 90


State 61

   34 DIMENSION: abrir_corchete EXPL . cerrar_corchete
   35          | abrir_corchete EXPL . cerrar_corchete abrir_corchete EXPL cerrar_corchete
   36          | abrir_corchete EXPL . cerrar_corchete abrir_corchete EXPL cerrar_corchete abrir_corchete EXPL cerrar_corchete

    cerrar_corchete  shift, and go to state 91


State 62

   45 EXPL: EXPR . opor EXPR
   46     | EXPR . opnor EXPR
   47     | EXPR . opand EXPR
   48     | EXPR . opnand EXPR
   50     | EXPR .

    opor    shift, and go to state 92
    opand   shift, and go to state 93
    opnand  shift, and go to state 94
    opnor   shift, and go to state 95

    $default  reduce using rule 50 (EXPL)


State 63

   51 EXPR: EXPA . igual_igual EXPA
   52     | EXPA . diferente_de EXPA
   53     | EXPA . menor_que EXPA
   54     | EXPA . mayor_que EXPA
   55     | EXPA . menorigual_que EXPA
   56     | EXPA . mayorigual_que EXPA
   57     | EXPA .
   58 EXPA: EXPA . suma EXPA
   59     | EXPA . resta EXPA
   60     | EXPA . multi EXPA
   61     | EXPA . division EXPA
   62     | EXPA . potencia EXPA

    igual_igual     shift, and go to state 96
    diferente_de    shift, and go to state 97
    menor_que       shift, and go to state 98
    menorigual_que  shift, and go to state 99
    mayor_que       shift, and go to state 100
    mayorigual_que  shift, and go to state 101
    suma            shift, and go to state 102
    resta           shift, and go to state 103
    multi           shift, and go to state 104
    division        shift, and go to state 105
    potencia        shift, and go to state 106

    $default  reduce using rule 57 (EXPR)


State 64

   23 ASIGNACION: id punto id . igual EXPL finalizacion
   81 LLAMADAFUNC: id punto id . abrir_parentesis VARF cerrar_parentesis

    igual             shift, and go to state 107
    abrir_parentesis  shift, and go to state 108


State 65

   21 ASIGNACION: id igual EXPL . finalizacion

    finalizacion  shift, and go to state 109


State 66

   43 LEXP: LEXP . coma EXPL
   84 VARF: LEXP .

    coma  shift, and go to state 110

    $default  reduce using rule 84 (VARF)


State 67

   44 LEXP: EXPL .

    $default  reduce using rule 44 (LEXP)


State 68

   82 LLAMADAFUNC: id abrir_parentesis VARF . cerrar_parentesis

    cerrar_parentesis  shift, and go to state 111


State 69

   22 ASIGNACION: id DIMENSION igual . EXPL finalizacion

    numero            shift, and go to state 52
    decimal           shift, and go to state 53
    caracter          shift, and go to state 54
    booleano          shift, and go to state 55
    cadena            shift, and go to state 56
    id                shift, and go to state 57
    abrir_parentesis  shift, and go to state 58
    opnot             shift, and go to state 59
    resta             shift, and go to state 60

    EXPL  go to state 112
    EXPR  go to state 62
    EXPA  go to state 63


State 70

   31 TERMDECLAR: finalizacion .

    $default  reduce using rule 31 (TERMDECLAR)


State 71

   32 TERMDECLAR: igual . EXPL finalizacion
   33           | igual . pnew id abrir_parentesis cerrar_parentesis finalizacion

    numero            shift, and go to state 52
    decimal           shift, and go to state 53
    caracter          shift, and go to state 54
    booleano          shift, and go to state 55
    cadena            shift, and go to state 56
    pnew              shift, and go to state 113
    id                shift, and go to state 57
    abrir_parentesis  shift, and go to state 58
    opnot             shift, and go to state 59
    resta             shift, and go to state 60

    EXPL  go to state 114
    EXPR  go to state 62
    EXPA  go to state 63


State 72

   18 DECLARACION: TIPO LIDS TERMDECLAR .

    $default  reduce using rule 18 (DECLARACION)


State 73

   19 DECLARACION: VISIBILIDAD parreglo TIPO . LIDS DIMENSION TERMARRAY

    id  shift, and go to state 11

    LIDS  go to state 115


State 74

    9 LIDS: LIDS . coma id
   17 DECLARACION: VISIBILIDAD TIPO LIDS . TERMDECLAR

    coma          shift, and go to state 33
    finalizacion  shift, and go to state 70
    igual         shift, and go to state 71

    TERMDECLAR  go to state 116


State 75

    5 TERMINACIONCLASE: pextender LIDS abrir_llave RELLENOCLASE cerrar_llave .

    $default  reduce using rule 5 (TERMINACIONCLASE)


State 76

   20 DECLARACION: parreglo TIPO LIDS DIMENSION . TERMARRAY

    finalizacion  shift, and go to state 117
    igual         shift, and go to state 118

    TERMARRAY  go to state 119


State 77

   24 PRINCIPAL: pprincipal abrir_parentesis cerrar_parentesis abrir_llave . RELLENOCLASE cerrar_llave

    pint        shift, and go to state 13
    pdouble     shift, and go to state 14
    pbool       shift, and go to state 15
    pchar       shift, and go to state 16
    pstring     shift, and go to state 17
    parreglo    shift, and go to state 18
    ppublico    shift, and go to state 19
    pprivado    shift, and go to state 20
    pprotegido  shift, and go to state 21
    pprincipal  shift, and go to state 22
    id          shift, and go to state 23

    $default  reduce using rule 7 (RELLENOCLASE)

    RELLENOCLASE  go to state 120
    LSENTENCIAS   go to state 25
    SENTENCIA     go to state 26
    DECLARACION   go to state 27
    ASIGNACION    go to state 28
    PRINCIPAL     go to state 29
    TIPO          go to state 30
    LLAMADAFUNC   go to state 31
    VISIBILIDAD   go to state 32


State 78

   74 EXPA: numero aumento .

    $default  reduce using rule 74 (EXPA)


State 79

   75 EXPA: numero decremento .

    $default  reduce using rule 75 (EXPA)


State 80

   76 EXPA: decimal aumento .

    $default  reduce using rule 76 (EXPA)


State 81

   77 EXPA: decimal decremento .

    $default  reduce using rule 77 (EXPA)


State 82

   78 EXPA: caracter aumento .

    $default  reduce using rule 78 (EXPA)


State 83

   79 EXPA: caracter decremento .

    $default  reduce using rule 79 (EXPA)


State 84

   80 EXPA: id punto . id

    id  shift, and go to state 121


State 85

   72 EXPA: id aumento .

    $default  reduce using rule 72 (EXPA)


State 86

   73 EXPA: id decremento .

    $default  reduce using rule 73 (EXPA)


State 87

   71 EXPA: id DIMENSION .

    $default  reduce using rule 71 (EXPA)


State 88

   58 EXPA: EXPA . suma EXPA
   59     | EXPA . resta EXPA
   60     | EXPA . multi EXPA
   61     | EXPA . division EXPA
   62     | EXPA . potencia EXPA
   64     | abrir_parentesis EXPA . cerrar_parentesis

    cerrar_parentesis  shift, and go to state 122
    suma               shift, and go to state 102
    resta              shift, and go to state 103
    multi              shift, and go to state 104
    division           shift, and go to state 105
    potencia           shift, and go to state 106


State 89

   49 EXPL: opnot EXPL .

    $default  reduce using rule 49 (EXPL)


State 90

   58 EXPA: EXPA . suma EXPA
   59     | EXPA . resta EXPA
   60     | EXPA . multi EXPA
   61     | EXPA . division EXPA
   62     | EXPA . potencia EXPA
   63     | resta EXPA .

    suma      shift, and go to state 102
    resta     shift, and go to state 103
    multi     shift, and go to state 104
    division  shift, and go to state 105
    potencia  shift, and go to state 106

    suma      [reduce using rule 63 (EXPA)]
    resta     [reduce using rule 63 (EXPA)]
    multi     [reduce using rule 63 (EXPA)]
    division  [reduce using rule 63 (EXPA)]
    potencia  [reduce using rule 63 (EXPA)]
    $default  reduce using rule 63 (EXPA)


State 91

   34 DIMENSION: abrir_corchete EXPL cerrar_corchete .
   35          | abrir_corchete EXPL cerrar_corchete . abrir_corchete EXPL cerrar_corchete
   36          | abrir_corchete EXPL cerrar_corchete . abrir_corchete EXPL cerrar_corchete abrir_corchete EXPL cerrar_corchete

    abrir_corchete  shift, and go to state 123

    $default  reduce using rule 34 (DIMENSION)


State 92

   45 EXPL: EXPR opor . EXPR

    numero            shift, and go to state 52
    decimal           shift, and go to state 53
    caracter          shift, and go to state 54
    booleano          shift, and go to state 55
    cadena            shift, and go to state 56
    id                shift, and go to state 57
    abrir_parentesis  shift, and go to state 58
    resta             shift, and go to state 60

    EXPR  go to state 124
    EXPA  go to state 63


State 93

   47 EXPL: EXPR opand . EXPR

    numero            shift, and go to state 52
    decimal           shift, and go to state 53
    caracter          shift, and go to state 54
    booleano          shift, and go to state 55
    cadena            shift, and go to state 56
    id                shift, and go to state 57
    abrir_parentesis  shift, and go to state 58
    resta             shift, and go to state 60

    EXPR  go to state 125
    EXPA  go to state 63


State 94

   48 EXPL: EXPR opnand . EXPR

    numero            shift, and go to state 52
    decimal           shift, and go to state 53
    caracter          shift, and go to state 54
    booleano          shift, and go to state 55
    cadena            shift, and go to state 56
    id                shift, and go to state 57
    abrir_parentesis  shift, and go to state 58
    resta             shift, and go to state 60

    EXPR  go to state 126
    EXPA  go to state 63


State 95

   46 EXPL: EXPR opnor . EXPR

    numero            shift, and go to state 52
    decimal           shift, and go to state 53
    caracter          shift, and go to state 54
    booleano          shift, and go to state 55
    cadena            shift, and go to state 56
    id                shift, and go to state 57
    abrir_parentesis  shift, and go to state 58
    resta             shift, and go to state 60

    EXPR  go to state 127
    EXPA  go to state 63


State 96

   51 EXPR: EXPA igual_igual . EXPA

    numero            shift, and go to state 52
    decimal           shift, and go to state 53
    caracter          shift, and go to state 54
    booleano          shift, and go to state 55
    cadena            shift, and go to state 56
    id                shift, and go to state 57
    abrir_parentesis  shift, and go to state 58
    resta             shift, and go to state 60

    EXPA  go to state 128


State 97

   52 EXPR: EXPA diferente_de . EXPA

    numero            shift, and go to state 52
    decimal           shift, and go to state 53
    caracter          shift, and go to state 54
    booleano          shift, and go to state 55
    cadena            shift, and go to state 56
    id                shift, and go to state 57
    abrir_parentesis  shift, and go to state 58
    resta             shift, and go to state 60

    EXPA  go to state 129


State 98

   53 EXPR: EXPA menor_que . EXPA

    numero            shift, and go to state 52
    decimal           shift, and go to state 53
    caracter          shift, and go to state 54
    booleano          shift, and go to state 55
    cadena            shift, and go to state 56
    id                shift, and go to state 57
    abrir_parentesis  shift, and go to state 58
    resta             shift, and go to state 60

    EXPA  go to state 130


State 99

   55 EXPR: EXPA menorigual_que . EXPA

    numero            shift, and go to state 52
    decimal           shift, and go to state 53
    caracter          shift, and go to state 54
    booleano          shift, and go to state 55
    cadena            shift, and go to state 56
    id                shift, and go to state 57
    abrir_parentesis  shift, and go to state 58
    resta             shift, and go to state 60

    EXPA  go to state 131


State 100

   54 EXPR: EXPA mayor_que . EXPA

    numero            shift, and go to state 52
    decimal           shift, and go to state 53
    caracter          shift, and go to state 54
    booleano          shift, and go to state 55
    cadena            shift, and go to state 56
    id                shift, and go to state 57
    abrir_parentesis  shift, and go to state 58
    resta             shift, and go to state 60

    EXPA  go to state 132


State 101

   56 EXPR: EXPA mayorigual_que . EXPA

    numero            shift, and go to state 52
    decimal           shift, and go to state 53
    caracter          shift, and go to state 54
    booleano          shift, and go to state 55
    cadena            shift, and go to state 56
    id                shift, and go to state 57
    abrir_parentesis  shift, and go to state 58
    resta             shift, and go to state 60

    EXPA  go to state 133


State 102

   58 EXPA: EXPA suma . EXPA

    numero            shift, and go to state 52
    decimal           shift, and go to state 53
    caracter          shift, and go to state 54
    booleano          shift, and go to state 55
    cadena            shift, and go to state 56
    id                shift, and go to state 57
    abrir_parentesis  shift, and go to state 58
    resta             shift, and go to state 60

    EXPA  go to state 134


State 103

   59 EXPA: EXPA resta . EXPA

    numero            shift, and go to state 52
    decimal           shift, and go to state 53
    caracter          shift, and go to state 54
    booleano          shift, and go to state 55
    cadena            shift, and go to state 56
    id                shift, and go to state 57
    abrir_parentesis  shift, and go to state 58
    resta             shift, and go to state 60

    EXPA  go to state 135


State 104

   60 EXPA: EXPA multi . EXPA

    numero            shift, and go to state 52
    decimal           shift, and go to state 53
    caracter          shift, and go to state 54
    booleano          shift, and go to state 55
    cadena            shift, and go to state 56
    id                shift, and go to state 57
    abrir_parentesis  shift, and go to state 58
    resta             shift, and go to state 60

    EXPA  go to state 136


State 105

   61 EXPA: EXPA division . EXPA

    numero            shift, and go to state 52
    decimal           shift, and go to state 53
    caracter          shift, and go to state 54
    booleano          shift, and go to state 55
    cadena            shift, and go to state 56
    id                shift, and go to state 57
    abrir_parentesis  shift, and go to state 58
    resta             shift, and go to state 60

    EXPA  go to state 137


State 106

   62 EXPA: EXPA potencia . EXPA

    numero            shift, and go to state 52
    decimal           shift, and go to state 53
    caracter          shift, and go to state 54
    booleano          shift, and go to state 55
    cadena            shift, and go to state 56
    id                shift, and go to state 57
    abrir_parentesis  shift, and go to state 58
    resta             shift, and go to state 60

    EXPA  go to state 138


State 107

   23 ASIGNACION: id punto id igual . EXPL finalizacion

    numero            shift, and go to state 52
    decimal           shift, and go to state 53
    caracter          shift, and go to state 54
    booleano          shift, and go to state 55
    cadena            shift, and go to state 56
    id                shift, and go to state 57
    abrir_parentesis  shift, and go to state 58
    opnot             shift, and go to state 59
    resta             shift, and go to state 60

    EXPL  go to state 139
    EXPR  go to state 62
    EXPA  go to state 63


State 108

   81 LLAMADAFUNC: id punto id abrir_parentesis . VARF cerrar_parentesis

    numero            shift, and go to state 52
    decimal           shift, and go to state 53
    caracter          shift, and go to state 54
    booleano          shift, and go to state 55
    cadena            shift, and go to state 56
    id                shift, and go to state 57
    abrir_parentesis  shift, and go to state 58
    opnot             shift, and go to state 59
    resta             shift, and go to state 60

    $default  reduce using rule 83 (VARF)

    LEXP  go to state 66
    EXPL  go to state 67
    EXPR  go to state 62
    EXPA  go to state 63
    VARF  go to state 140


State 109

   21 ASIGNACION: id igual EXPL finalizacion .

    $default  reduce using rule 21 (ASIGNACION)


State 110

   43 LEXP: LEXP coma . EXPL

    numero            shift, and go to state 52
    decimal           shift, and go to state 53
    caracter          shift, and go to state 54
    booleano          shift, and go to state 55
    cadena            shift, and go to state 56
    id                shift, and go to state 57
    abrir_parentesis  shift, and go to state 58
    opnot             shift, and go to state 59
    resta             shift, and go to state 60

    EXPL  go to state 141
    EXPR  go to state 62
    EXPA  go to state 63


State 111

   82 LLAMADAFUNC: id abrir_parentesis VARF cerrar_parentesis .

    $default  reduce using rule 82 (LLAMADAFUNC)


State 112

   22 ASIGNACION: id DIMENSION igual EXPL . finalizacion

    finalizacion  shift, and go to state 142


State 113

   33 TERMDECLAR: igual pnew . id abrir_parentesis cerrar_parentesis finalizacion

    id  shift, and go to state 143


State 114

   32 TERMDECLAR: igual EXPL . finalizacion

    finalizacion  shift, and go to state 144


State 115

    9 LIDS: LIDS . coma id
   19 DECLARACION: VISIBILIDAD parreglo TIPO LIDS . DIMENSION TERMARRAY

    abrir_corchete  shift, and go to state 38
    coma            shift, and go to state 33

    DIMENSION  go to state 145


State 116

   17 DECLARACION: VISIBILIDAD TIPO LIDS TERMDECLAR .

    $default  reduce using rule 17 (DECLARACION)


State 117

   37 TERMARRAY: finalizacion .

    $default  reduce using rule 37 (TERMARRAY)


State 118

   38 TERMARRAY: igual . LDECLARRAY finalizacion

    abrir_llave  shift, and go to state 146

    LDECLARRAY  go to state 147


State 119

   20 DECLARACION: parreglo TIPO LIDS DIMENSION TERMARRAY .

    $default  reduce using rule 20 (DECLARACION)


State 120

   24 PRINCIPAL: pprincipal abrir_parentesis cerrar_parentesis abrir_llave RELLENOCLASE . cerrar_llave

    cerrar_llave  shift, and go to state 148


State 121

   80 EXPA: id punto id .

    $default  reduce using rule 80 (EXPA)


State 122

   64 EXPA: abrir_parentesis EXPA cerrar_parentesis .

    $default  reduce using rule 64 (EXPA)


State 123

   35 DIMENSION: abrir_corchete EXPL cerrar_corchete abrir_corchete . EXPL cerrar_corchete
   36          | abrir_corchete EXPL cerrar_corchete abrir_corchete . EXPL cerrar_corchete abrir_corchete EXPL cerrar_corchete

    numero            shift, and go to state 52
    decimal           shift, and go to state 53
    caracter          shift, and go to state 54
    booleano          shift, and go to state 55
    cadena            shift, and go to state 56
    id                shift, and go to state 57
    abrir_parentesis  shift, and go to state 58
    opnot             shift, and go to state 59
    resta             shift, and go to state 60

    EXPL  go to state 149
    EXPR  go to state 62
    EXPA  go to state 63


State 124

   45 EXPL: EXPR opor EXPR .

    $default  reduce using rule 45 (EXPL)


State 125

   47 EXPL: EXPR opand EXPR .

    $default  reduce using rule 47 (EXPL)


State 126

   48 EXPL: EXPR opnand EXPR .

    $default  reduce using rule 48 (EXPL)


State 127

   46 EXPL: EXPR opnor EXPR .

    $default  reduce using rule 46 (EXPL)


State 128

   51 EXPR: EXPA igual_igual EXPA .
   58 EXPA: EXPA . suma EXPA
   59     | EXPA . resta EXPA
   60     | EXPA . multi EXPA
   61     | EXPA . division EXPA
   62     | EXPA . potencia EXPA

    suma      shift, and go to state 102
    resta     shift, and go to state 103
    multi     shift, and go to state 104
    division  shift, and go to state 105
    potencia  shift, and go to state 106

    $default  reduce using rule 51 (EXPR)


State 129

   52 EXPR: EXPA diferente_de EXPA .
   58 EXPA: EXPA . suma EXPA
   59     | EXPA . resta EXPA
   60     | EXPA . multi EXPA
   61     | EXPA . division EXPA
   62     | EXPA . potencia EXPA

    suma      shift, and go to state 102
    resta     shift, and go to state 103
    multi     shift, and go to state 104
    division  shift, and go to state 105
    potencia  shift, and go to state 106

    $default  reduce using rule 52 (EXPR)


State 130

   53 EXPR: EXPA menor_que EXPA .
   58 EXPA: EXPA . suma EXPA
   59     | EXPA . resta EXPA
   60     | EXPA . multi EXPA
   61     | EXPA . division EXPA
   62     | EXPA . potencia EXPA

    suma      shift, and go to state 102
    resta     shift, and go to state 103
    multi     shift, and go to state 104
    division  shift, and go to state 105
    potencia  shift, and go to state 106

    $default  reduce using rule 53 (EXPR)


State 131

   55 EXPR: EXPA menorigual_que EXPA .
   58 EXPA: EXPA . suma EXPA
   59     | EXPA . resta EXPA
   60     | EXPA . multi EXPA
   61     | EXPA . division EXPA
   62     | EXPA . potencia EXPA

    suma      shift, and go to state 102
    resta     shift, and go to state 103
    multi     shift, and go to state 104
    division  shift, and go to state 105
    potencia  shift, and go to state 106

    $default  reduce using rule 55 (EXPR)


State 132

   54 EXPR: EXPA mayor_que EXPA .
   58 EXPA: EXPA . suma EXPA
   59     | EXPA . resta EXPA
   60     | EXPA . multi EXPA
   61     | EXPA . division EXPA
   62     | EXPA . potencia EXPA

    suma      shift, and go to state 102
    resta     shift, and go to state 103
    multi     shift, and go to state 104
    division  shift, and go to state 105
    potencia  shift, and go to state 106

    $default  reduce using rule 54 (EXPR)


State 133

   56 EXPR: EXPA mayorigual_que EXPA .
   58 EXPA: EXPA . suma EXPA
   59     | EXPA . resta EXPA
   60     | EXPA . multi EXPA
   61     | EXPA . division EXPA
   62     | EXPA . potencia EXPA

    suma      shift, and go to state 102
    resta     shift, and go to state 103
    multi     shift, and go to state 104
    division  shift, and go to state 105
    potencia  shift, and go to state 106

    $default  reduce using rule 56 (EXPR)


State 134

   58 EXPA: EXPA . suma EXPA
   58     | EXPA suma EXPA .
   59     | EXPA . resta EXPA
   60     | EXPA . multi EXPA
   61     | EXPA . division EXPA
   62     | EXPA . potencia EXPA

    resta     shift, and go to state 103
    multi     shift, and go to state 104
    division  shift, and go to state 105
    potencia  shift, and go to state 106

    resta     [reduce using rule 58 (EXPA)]
    $default  reduce using rule 58 (EXPA)


State 135

   58 EXPA: EXPA . suma EXPA
   59     | EXPA . resta EXPA
   59     | EXPA resta EXPA .
   60     | EXPA . multi EXPA
   61     | EXPA . division EXPA
   62     | EXPA . potencia EXPA

    suma      shift, and go to state 102
    resta     shift, and go to state 103
    multi     shift, and go to state 104
    division  shift, and go to state 105
    potencia  shift, and go to state 106

    suma      [reduce using rule 59 (EXPA)]
    resta     [reduce using rule 59 (EXPA)]
    multi     [reduce using rule 59 (EXPA)]
    division  [reduce using rule 59 (EXPA)]
    potencia  [reduce using rule 59 (EXPA)]
    $default  reduce using rule 59 (EXPA)


State 136

   58 EXPA: EXPA . suma EXPA
   59     | EXPA . resta EXPA
   60     | EXPA . multi EXPA
   60     | EXPA multi EXPA .
   61     | EXPA . division EXPA
   62     | EXPA . potencia EXPA

    resta     shift, and go to state 103
    potencia  shift, and go to state 106

    resta     [reduce using rule 60 (EXPA)]
    $default  reduce using rule 60 (EXPA)


State 137

   58 EXPA: EXPA . suma EXPA
   59     | EXPA . resta EXPA
   60     | EXPA . multi EXPA
   61     | EXPA . division EXPA
   61     | EXPA division EXPA .
   62     | EXPA . potencia EXPA

    resta     shift, and go to state 103
    potencia  shift, and go to state 106

    resta     [reduce using rule 61 (EXPA)]
    $default  reduce using rule 61 (EXPA)


State 138

   58 EXPA: EXPA . suma EXPA
   59     | EXPA . resta EXPA
   60     | EXPA . multi EXPA
   61     | EXPA . division EXPA
   62     | EXPA . potencia EXPA
   62     | EXPA potencia EXPA .

    resta  shift, and go to state 103

    potencia  error (nonassociative)

    resta     [reduce using rule 62 (EXPA)]
    $default  reduce using rule 62 (EXPA)


State 139

   23 ASIGNACION: id punto id igual EXPL . finalizacion

    finalizacion  shift, and go to state 150


State 140

   81 LLAMADAFUNC: id punto id abrir_parentesis VARF . cerrar_parentesis

    cerrar_parentesis  shift, and go to state 151


State 141

   43 LEXP: LEXP coma EXPL .

    $default  reduce using rule 43 (LEXP)


State 142

   22 ASIGNACION: id DIMENSION igual EXPL finalizacion .

    $default  reduce using rule 22 (ASIGNACION)


State 143

   33 TERMDECLAR: igual pnew id . abrir_parentesis cerrar_parentesis finalizacion

    abrir_parentesis  shift, and go to state 152


State 144

   32 TERMDECLAR: igual EXPL finalizacion .

    $default  reduce using rule 32 (TERMDECLAR)


State 145

   19 DECLARACION: VISIBILIDAD parreglo TIPO LIDS DIMENSION . TERMARRAY

    finalizacion  shift, and go to state 117
    igual         shift, and go to state 118

    TERMARRAY  go to state 153


State 146

   39 LDECLARRAY: abrir_llave . LEXP cerrar_llave
   40           | abrir_llave . LLLAVE cerrar_llave

    numero            shift, and go to state 52
    decimal           shift, and go to state 53
    caracter          shift, and go to state 54
    booleano          shift, and go to state 55
    cadena            shift, and go to state 56
    id                shift, and go to state 57
    abrir_parentesis  shift, and go to state 58
    abrir_llave       shift, and go to state 154
    opnot             shift, and go to state 59
    resta             shift, and go to state 60

    LLLAVE  go to state 155
    LEXP    go to state 156
    EXPL    go to state 67
    EXPR    go to state 62
    EXPA    go to state 63


State 147

   38 TERMARRAY: igual LDECLARRAY . finalizacion

    finalizacion  shift, and go to state 157


State 148

   24 PRINCIPAL: pprincipal abrir_parentesis cerrar_parentesis abrir_llave RELLENOCLASE cerrar_llave .

    $default  reduce using rule 24 (PRINCIPAL)


State 149

   35 DIMENSION: abrir_corchete EXPL cerrar_corchete abrir_corchete EXPL . cerrar_corchete
   36          | abrir_corchete EXPL cerrar_corchete abrir_corchete EXPL . cerrar_corchete abrir_corchete EXPL cerrar_corchete

    cerrar_corchete  shift, and go to state 158


State 150

   23 ASIGNACION: id punto id igual EXPL finalizacion .

    $default  reduce using rule 23 (ASIGNACION)


State 151

   81 LLAMADAFUNC: id punto id abrir_parentesis VARF cerrar_parentesis .

    $default  reduce using rule 81 (LLAMADAFUNC)


State 152

   33 TERMDECLAR: igual pnew id abrir_parentesis . cerrar_parentesis finalizacion

    cerrar_parentesis  shift, and go to state 159


State 153

   19 DECLARACION: VISIBILIDAD parreglo TIPO LIDS DIMENSION TERMARRAY .

    $default  reduce using rule 19 (DECLARACION)


State 154

   42 LLLAVE: abrir_llave . LEXP cerrar_llave

    numero            shift, and go to state 52
    decimal           shift, and go to state 53
    caracter          shift, and go to state 54
    booleano          shift, and go to state 55
    cadena            shift, and go to state 56
    id                shift, and go to state 57
    abrir_parentesis  shift, and go to state 58
    opnot             shift, and go to state 59
    resta             shift, and go to state 60

    LEXP  go to state 160
    EXPL  go to state 67
    EXPR  go to state 62
    EXPA  go to state 63


State 155

   40 LDECLARRAY: abrir_llave LLLAVE . cerrar_llave
   41 LLLAVE: LLLAVE . coma abrir_llave LEXP cerrar_llave

    coma          shift, and go to state 161
    cerrar_llave  shift, and go to state 162


State 156

   39 LDECLARRAY: abrir_llave LEXP . cerrar_llave
   43 LEXP: LEXP . coma EXPL

    coma          shift, and go to state 110
    cerrar_llave  shift, and go to state 163


State 157

   38 TERMARRAY: igual LDECLARRAY finalizacion .

    $default  reduce using rule 38 (TERMARRAY)


State 158

   35 DIMENSION: abrir_corchete EXPL cerrar_corchete abrir_corchete EXPL cerrar_corchete .
   36          | abrir_corchete EXPL cerrar_corchete abrir_corchete EXPL cerrar_corchete . abrir_corchete EXPL cerrar_corchete

    abrir_corchete  shift, and go to state 164

    $default  reduce using rule 35 (DIMENSION)


State 159

   33 TERMDECLAR: igual pnew id abrir_parentesis cerrar_parentesis . finalizacion

    finalizacion  shift, and go to state 165


State 160

   42 LLLAVE: abrir_llave LEXP . cerrar_llave
   43 LEXP: LEXP . coma EXPL

    coma          shift, and go to state 110
    cerrar_llave  shift, and go to state 166


State 161

   41 LLLAVE: LLLAVE coma . abrir_llave LEXP cerrar_llave

    abrir_llave  shift, and go to state 167


State 162

   40 LDECLARRAY: abrir_llave LLLAVE cerrar_llave .

    $default  reduce using rule 40 (LDECLARRAY)


State 163

   39 LDECLARRAY: abrir_llave LEXP cerrar_llave .

    $default  reduce using rule 39 (LDECLARRAY)


State 164

   36 DIMENSION: abrir_corchete EXPL cerrar_corchete abrir_corchete EXPL cerrar_corchete abrir_corchete . EXPL cerrar_corchete

    numero            shift, and go to state 52
    decimal           shift, and go to state 53
    caracter          shift, and go to state 54
    booleano          shift, and go to state 55
    cadena            shift, and go to state 56
    id                shift, and go to state 57
    abrir_parentesis  shift, and go to state 58
    opnot             shift, and go to state 59
    resta             shift, and go to state 60

    EXPL  go to state 168
    EXPR  go to state 62
    EXPA  go to state 63


State 165

   33 TERMDECLAR: igual pnew id abrir_parentesis cerrar_parentesis finalizacion .

    $default  reduce using rule 33 (TERMDECLAR)


State 166

   42 LLLAVE: abrir_llave LEXP cerrar_llave .

    $default  reduce using rule 42 (LLLAVE)


State 167

   41 LLLAVE: LLLAVE coma abrir_llave . LEXP cerrar_llave

    numero            shift, and go to state 52
    decimal           shift, and go to state 53
    caracter          shift, and go to state 54
    booleano          shift, and go to state 55
    cadena            shift, and go to state 56
    id                shift, and go to state 57
    abrir_parentesis  shift, and go to state 58
    opnot             shift, and go to state 59
    resta             shift, and go to state 60

    LEXP  go to state 169
    EXPL  go to state 67
    EXPR  go to state 62
    EXPA  go to state 63


State 168

   36 DIMENSION: abrir_corchete EXPL cerrar_corchete abrir_corchete EXPL cerrar_corchete abrir_corchete EXPL . cerrar_corchete

    cerrar_corchete  shift, and go to state 170


State 169

   41 LLLAVE: LLLAVE coma abrir_llave LEXP . cerrar_llave
   43 LEXP: LEXP . coma EXPL

    coma          shift, and go to state 110
    cerrar_llave  shift, and go to state 171


State 170

   36 DIMENSION: abrir_corchete EXPL cerrar_corchete abrir_corchete EXPL cerrar_corchete abrir_corchete EXPL cerrar_corchete .

    $default  reduce using rule 36 (DIMENSION)


State 171

   41 LLLAVE: LLLAVE coma abrir_llave LEXP cerrar_llave .

    $default  reduce using rule 41 (LLLAVE)
